<?xml version="1.0" encoding="UTF-8"?>
<testsuite name="tests.SpotifyTrackNegativeTests" tests="6" skipped="0" failures="0" errors="0" timestamp="2023-06-04T10:53:59" hostname="RYANKR-LP" time="2.291">
  <properties/>
  <testcase name="getInvalidArtist[0](Case 1, fadsfhasldfhalsdjflasdfji)" classname="tests.SpotifyTrackNegativeTests" time="0.377"/>
  <testcase name="getInvalidArtist[1](Case 2, adsfasdfadsf//asdfasdfadsf)" classname="tests.SpotifyTrackNegativeTests" time="0.378"/>
  <testcase name="getInvalidArtist[2](Case 3, asdfasdfasdfasd131231231313)" classname="tests.SpotifyTrackNegativeTests" time="0.304"/>
  <testcase name="getInvalidArtist[3](Case 4, 4bb518b5ae4b4cc48f5d5bcbf96de80f)" classname="tests.SpotifyTrackNegativeTests" time="0.416"/>
  <testcase name="getInvalidArtist[4](Case 5, db83be56-e831-4322-8a18-98c5343e9f46)" classname="tests.SpotifyTrackNegativeTests" time="0.505"/>
  <testcase name="getInvalidArtist[5](Case 5, 22afe339-0685-4d1b-948b-ac3ba779b543)" classname="tests.SpotifyTrackNegativeTests" time="0.307"/>
  <system-out><![CDATA[Request method:	GET
Request URI:	https://accounts.spotify.com/authorize?client_id=0c6c763d6a484d77b845bd7670fbb0fc&client_secret=20154691ba5948ce82b8d99ca8110f0b&response_type=code&redirect_uri=http%3A%2F%2Flocalhost%3A8080&scope=user-library-modify%20user-library-read%20playlist-modify-public%20playlist-modify-private
Proxy:			<none>
Request params:	client_id=0c6c763d6a484d77b845bd7670fbb0fc
				client_secret=20154691ba5948ce82b8d99ca8110f0b
				response_type=code
				redirect_uri=http://localhost:8080
				scope=user-library-modify user-library-read playlist-modify-public playlist-modify-private
Query params:	<none>
Form params:	<none>
Path params:	<none>
Headers:		Accept=*/*
Cookies:		<none>
Multiparts:		<none>
Body:			<none>
HTTP/1.1 303 See Other
date: Sun, 04 Jun 2023 10:53:48 GMT
Content-Length: 0
location: https://accounts.spotify.com/en/login?continue=https%3A%2F%2Faccounts.spotify.com%2Fauthorize%3Fscope%3Duser-library-modify%2Buser-library-read%2Bplaylist-modify-public%2Bplaylist-modify-private%26response_type%3Dcode%26client_secret%3D20154691ba5948ce82b8d99ca8110f0b%26redirect_uri%3Dhttp%253A%252F%252Flocalhost%253A8080%26client_id%3D0c6c763d6a484d77b845bd7670fbb0fc
set-cookie: __Host-device_id=AQA6F7ytrO3Q-s2BWHHAzQdbY7ObBg1gTS4yCXGtNz2Sn7Hkctc1lZdvAGltkF3sOKbtMva6mGhe8c-adoIDBcv4NFrvHqsO59Y;Version=1;Path=/;Max-Age=2147483647;Secure;HttpOnly;SameSite=Lax
set-cookie: inapptestgroup=;Version=1;Domain=accounts.spotify.com;Path=/;Max-Age=3600;Secure
set-cookie: sp_tr=false;Version=1;Domain=accounts.spotify.com;Path=/;Secure;SameSite=Lax
sp-trace-id: 48ad4e90249c743c
x-envoy-upstream-service-time: 14
server: envoy
strict-transport-security: max-age=31536000
x-content-type-options: nosniff
Via: HTTP/2 edgeproxy, 1.1 google
Alt-Svc: h3=":443"; ma=2592000,h3-29=":443"; ma=2592000
Request method:	POST
Request URI:	https://accounts.spotify.com/api/token
Proxy:			<none>
Request params:	<none>
Query params:	<none>
Form params:	grant_type=authorization_code
				code=AQBCwpkzx6ltv8oLwbT5pUdG2OmCXSLv8Lwyvm5HTSUGi2079T20N0V1Jy4_23SgfsoVsqxJxWcrkHwkNr-FVmFCCibcNvOJXgvVrQNTYQjLrbA8Pn8ia3xsAwIArY0W0OaQ6f45MgZKVkOK60Z3-sp0ra7ADbTJN0p1ezs_MVCUBjFIq-tcyeW2z0QtQrGIoF8JKMVKKK6mA_qR-9FsNAj3RjbZ9SumIpFjOZmFHjbjxyMk5QfL1r_xcH7HvzXfhixQ4k4QCz36TWY0OOnpAKs9
				redirect_uri=http://localhost:8080
Path params:	<none>
Headers:		Authorization=Basic MGM2Yzc2M2Q2YTQ4NGQ3N2I4NDViZDc2NzBmYmIwZmM6MjAxNTQ2OTFiYTU5NDhjZTgyYjhkOTljYTgxMTBmMGI=
				Accept=*/*
				Content-Type=application/x-www-form-urlencoded; charset=ISO-8859-1
Cookies:		<none>
Multiparts:		<none>
Body:			<none>
Request method:	POST
Request URI:	https://accounts.spotify.com/api/token
Proxy:			<none>
Request params:	<none>
Query params:	<none>
Form params:	grant_type=authorization_code
				code=AQBCwpkzx6ltv8oLwbT5pUdG2OmCXSLv8Lwyvm5HTSUGi2079T20N0V1Jy4_23SgfsoVsqxJxWcrkHwkNr-FVmFCCibcNvOJXgvVrQNTYQjLrbA8Pn8ia3xsAwIArY0W0OaQ6f45MgZKVkOK60Z3-sp0ra7ADbTJN0p1ezs_MVCUBjFIq-tcyeW2z0QtQrGIoF8JKMVKKK6mA_qR-9FsNAj3RjbZ9SumIpFjOZmFHjbjxyMk5QfL1r_xcH7HvzXfhixQ4k4QCz36TWY0OOnpAKs9
				redirect_uri=http://localhost:8080
Path params:	<none>
Headers:		Authorization=Basic MGM2Yzc2M2Q2YTQ4NGQ3N2I4NDViZDc2NzBmYmIwZmM6MjAxNTQ2OTFiYTU5NDhjZTgyYjhkOTljYTgxMTBmMGI=
				Accept=*/*
				Content-Type=application/x-www-form-urlencoded; charset=ISO-8859-1
Cookies:		<none>
Multiparts:		<none>
Body:			<none>
HTTP/1.1 200 OK
date: Sun, 04 Jun 2023 10:53:56 GMT
content-type: application/json
vary: Accept-Encoding
set-cookie: __Host-device_id=AQBsb61XJAfxiLKey3-IJg_S_6v2MemnTQmsYwco6HqMHnb-2dT-HeWRgRPgu3vdAV-PdKth4xIEFUkkSPZ9cU807vIkyvgKVyM;Version=1;Path=/;Max-Age=2147483647;Secure;HttpOnly;SameSite=Lax
set-cookie: sp_tr=false;Version=1;Domain=accounts.spotify.com;Path=/;Secure;SameSite=Lax
sp-trace-id: 112c098cc31e8e26
content-encoding: gzip
x-envoy-upstream-service-time: 26
server: envoy
strict-transport-security: max-age=31536000
x-content-type-options: nosniff
Via: HTTP/2 edgeproxy, 1.1 google
Alt-Svc: h3=":443"; ma=2592000,h3-29=":443"; ma=2592000
Transfer-Encoding: chunked

{
    "access_token": "BQCKxGIDaGHNmr6FiIiUMmhN_IIOKnJ7TaHHUZv8n0qZrlQ8Z0A8u10YxM89_aLwM-mJsCVSEFpBeoE055TUNfVq8ZZbWv9AA-xO2GsXvqO0DrqvG0sXKJtbCFigK1KjgI4Ijy8Vf1zZ5c_tc4tyj47WoFsnPa2onB2kSDRsYD5S2RVVGeQHS_sZBTPlrOumKAyw1H5-kNKoPiCC78b7sHC74MvAn167_g3MXERpmkI02PLfrRG1zdl0_L5VNmUTedw4lWCQuglFPy13bKJPdJRD",
    "token_type": "Bearer",
    "expires_in": 3600,
    "refresh_token": "AQB-lQheRI6n5IP4Ufgs0l--hl6IBqFYOgGS7a8sZiV4Y1VUAPm4IZMV6w2Ve-jjIWrTYoc6IFBthQC3jVzttbL-RS80WWb1lnuNPcbaYrR5ARQWIXCGv8MbFTSBk3bqubQ",
    "scope": "user-library-read user-library-modify playlist-modify-private playlist-modify-public"
}
Request method:	GET
Request URI:	https://api.spotify.com/v1/search?access_token=BQCKxGIDaGHNmr6FiIiUMmhN_IIOKnJ7TaHHUZv8n0qZrlQ8Z0A8u10YxM89_aLwM-mJsCVSEFpBeoE055TUNfVq8ZZbWv9AA-xO2GsXvqO0DrqvG0sXKJtbCFigK1KjgI4Ijy8Vf1zZ5c_tc4tyj47WoFsnPa2onB2kSDRsYD5S2RVVGeQHS_sZBTPlrOumKAyw1H5-kNKoPiCC78b7sHC74MvAn167_g3MXERpmkI02PLfrRG1zdl0_L5VNmUTedw4lWCQuglFPy13bKJPdJRD&q=fadsfhasldfhalsdjflasdfji&type=artist&limit=1
Proxy:			<none>
Request params:	access_token=BQCKxGIDaGHNmr6FiIiUMmhN_IIOKnJ7TaHHUZv8n0qZrlQ8Z0A8u10YxM89_aLwM-mJsCVSEFpBeoE055TUNfVq8ZZbWv9AA-xO2GsXvqO0DrqvG0sXKJtbCFigK1KjgI4Ijy8Vf1zZ5c_tc4tyj47WoFsnPa2onB2kSDRsYD5S2RVVGeQHS_sZBTPlrOumKAyw1H5-kNKoPiCC78b7sHC74MvAn167_g3MXERpmkI02PLfrRG1zdl0_L5VNmUTedw4lWCQuglFPy13bKJPdJRD
				q=fadsfhasldfhalsdjflasdfji
				type=artist
				limit=1
Query params:	<none>
Form params:	<none>
Path params:	<none>
Headers:		Accept=*/*
				Content-Type=application/json
Cookies:		<none>
Multiparts:		<none>
Body:			<none>
HTTP/1.1 200 OK
content-type: application/json; charset=utf-8
cache-control: public, max-age=7200
x-robots-tag: noindex, nofollow
access-control-allow-origin: *
access-control-allow-headers: Accept, App-Platform, Authorization, Content-Type, Origin, Retry-After, Spotify-App-Version, X-Cloud-Trace-Context, client-token, content-access-token
access-control-allow-methods: GET, POST, OPTIONS, PUT, DELETE, PATCH
access-control-allow-credentials: true
access-control-max-age: 604800
content-encoding: gzip
strict-transport-security: max-age=31536000
x-content-type-options: nosniff
date: Sun, 04 Jun 2023 10:53:57 GMT
server: envoy
Via: HTTP/2 edgeproxy, 1.1 google
Alt-Svc: h3=":443"; ma=2592000,h3-29=":443"; ma=2592000
Transfer-Encoding: chunked

{
    "artists": {
        "href": "https://api.spotify.com/v1/search?query=fadsfhasldfhalsdjflasdfji&type=artist&offset=0&limit=1",
        "items": [
            
        ],
        "limit": 1,
        "next": null,
        "offset": 0,
        "previous": null,
        "total": 0
    }
}
Request method:	GET
Request URI:	https://api.spotify.com/v1/search?access_token=BQCKxGIDaGHNmr6FiIiUMmhN_IIOKnJ7TaHHUZv8n0qZrlQ8Z0A8u10YxM89_aLwM-mJsCVSEFpBeoE055TUNfVq8ZZbWv9AA-xO2GsXvqO0DrqvG0sXKJtbCFigK1KjgI4Ijy8Vf1zZ5c_tc4tyj47WoFsnPa2onB2kSDRsYD5S2RVVGeQHS_sZBTPlrOumKAyw1H5-kNKoPiCC78b7sHC74MvAn167_g3MXERpmkI02PLfrRG1zdl0_L5VNmUTedw4lWCQuglFPy13bKJPdJRD&q=adsfasdfadsf%2F%2Fasdfasdfadsf&type=artist&limit=1
Proxy:			<none>
Request params:	access_token=BQCKxGIDaGHNmr6FiIiUMmhN_IIOKnJ7TaHHUZv8n0qZrlQ8Z0A8u10YxM89_aLwM-mJsCVSEFpBeoE055TUNfVq8ZZbWv9AA-xO2GsXvqO0DrqvG0sXKJtbCFigK1KjgI4Ijy8Vf1zZ5c_tc4tyj47WoFsnPa2onB2kSDRsYD5S2RVVGeQHS_sZBTPlrOumKAyw1H5-kNKoPiCC78b7sHC74MvAn167_g3MXERpmkI02PLfrRG1zdl0_L5VNmUTedw4lWCQuglFPy13bKJPdJRD
				q=adsfasdfadsf//asdfasdfadsf
				type=artist
				limit=1
Query params:	<none>
Form params:	<none>
Path params:	<none>
Headers:		Accept=*/*
				Content-Type=application/json
Cookies:		<none>
Multiparts:		<none>
Body:			<none>
HTTP/1.1 200 OK
content-type: application/json; charset=utf-8
cache-control: public, max-age=7200
x-robots-tag: noindex, nofollow
access-control-allow-origin: *
access-control-allow-headers: Accept, App-Platform, Authorization, Content-Type, Origin, Retry-After, Spotify-App-Version, X-Cloud-Trace-Context, client-token, content-access-token
access-control-allow-methods: GET, POST, OPTIONS, PUT, DELETE, PATCH
access-control-allow-credentials: true
access-control-max-age: 604800
content-encoding: gzip
strict-transport-security: max-age=31536000
x-content-type-options: nosniff
date: Sun, 04 Jun 2023 10:53:58 GMT
server: envoy
Via: HTTP/2 edgeproxy, 1.1 google
Alt-Svc: h3=":443"; ma=2592000,h3-29=":443"; ma=2592000
Transfer-Encoding: chunked

{
    "artists": {
        "href": "https://api.spotify.com/v1/search?query=adsfasdfadsf%2F%2Fasdfasdfadsf&type=artist&offset=0&limit=1",
        "items": [
            
        ],
        "limit": 1,
        "next": null,
        "offset": 0,
        "previous": null,
        "total": 0
    }
}
Request method:	GET
Request URI:	https://api.spotify.com/v1/search?access_token=BQCKxGIDaGHNmr6FiIiUMmhN_IIOKnJ7TaHHUZv8n0qZrlQ8Z0A8u10YxM89_aLwM-mJsCVSEFpBeoE055TUNfVq8ZZbWv9AA-xO2GsXvqO0DrqvG0sXKJtbCFigK1KjgI4Ijy8Vf1zZ5c_tc4tyj47WoFsnPa2onB2kSDRsYD5S2RVVGeQHS_sZBTPlrOumKAyw1H5-kNKoPiCC78b7sHC74MvAn167_g3MXERpmkI02PLfrRG1zdl0_L5VNmUTedw4lWCQuglFPy13bKJPdJRD&q=asdfasdfasdfasd131231231313&type=artist&limit=1
Proxy:			<none>
Request params:	access_token=BQCKxGIDaGHNmr6FiIiUMmhN_IIOKnJ7TaHHUZv8n0qZrlQ8Z0A8u10YxM89_aLwM-mJsCVSEFpBeoE055TUNfVq8ZZbWv9AA-xO2GsXvqO0DrqvG0sXKJtbCFigK1KjgI4Ijy8Vf1zZ5c_tc4tyj47WoFsnPa2onB2kSDRsYD5S2RVVGeQHS_sZBTPlrOumKAyw1H5-kNKoPiCC78b7sHC74MvAn167_g3MXERpmkI02PLfrRG1zdl0_L5VNmUTedw4lWCQuglFPy13bKJPdJRD
				q=asdfasdfasdfasd131231231313
				type=artist
				limit=1
Query params:	<none>
Form params:	<none>
Path params:	<none>
Headers:		Accept=*/*
				Content-Type=application/json
Cookies:		<none>
Multiparts:		<none>
Body:			<none>
HTTP/1.1 200 OK
content-type: application/json; charset=utf-8
cache-control: public, max-age=7200
x-robots-tag: noindex, nofollow
access-control-allow-origin: *
access-control-allow-headers: Accept, App-Platform, Authorization, Content-Type, Origin, Retry-After, Spotify-App-Version, X-Cloud-Trace-Context, client-token, content-access-token
access-control-allow-methods: GET, POST, OPTIONS, PUT, DELETE, PATCH
access-control-allow-credentials: true
access-control-max-age: 604800
content-encoding: gzip
strict-transport-security: max-age=31536000
x-content-type-options: nosniff
date: Sun, 04 Jun 2023 10:53:58 GMT
server: envoy
Via: HTTP/2 edgeproxy, 1.1 google
Alt-Svc: h3=":443"; ma=2592000,h3-29=":443"; ma=2592000
Transfer-Encoding: chunked

{
    "artists": {
        "href": "https://api.spotify.com/v1/search?query=asdfasdfasdfasd131231231313&type=artist&offset=0&limit=1",
        "items": [
            
        ],
        "limit": 1,
        "next": null,
        "offset": 0,
        "previous": null,
        "total": 0
    }
}
Request method:	GET
Request URI:	https://api.spotify.com/v1/search?access_token=BQCKxGIDaGHNmr6FiIiUMmhN_IIOKnJ7TaHHUZv8n0qZrlQ8Z0A8u10YxM89_aLwM-mJsCVSEFpBeoE055TUNfVq8ZZbWv9AA-xO2GsXvqO0DrqvG0sXKJtbCFigK1KjgI4Ijy8Vf1zZ5c_tc4tyj47WoFsnPa2onB2kSDRsYD5S2RVVGeQHS_sZBTPlrOumKAyw1H5-kNKoPiCC78b7sHC74MvAn167_g3MXERpmkI02PLfrRG1zdl0_L5VNmUTedw4lWCQuglFPy13bKJPdJRD&q=4bb518b5ae4b4cc48f5d5bcbf96de80f&type=artist&limit=1
Proxy:			<none>
Request params:	access_token=BQCKxGIDaGHNmr6FiIiUMmhN_IIOKnJ7TaHHUZv8n0qZrlQ8Z0A8u10YxM89_aLwM-mJsCVSEFpBeoE055TUNfVq8ZZbWv9AA-xO2GsXvqO0DrqvG0sXKJtbCFigK1KjgI4Ijy8Vf1zZ5c_tc4tyj47WoFsnPa2onB2kSDRsYD5S2RVVGeQHS_sZBTPlrOumKAyw1H5-kNKoPiCC78b7sHC74MvAn167_g3MXERpmkI02PLfrRG1zdl0_L5VNmUTedw4lWCQuglFPy13bKJPdJRD
				q=4bb518b5ae4b4cc48f5d5bcbf96de80f
				type=artist
				limit=1
Query params:	<none>
Form params:	<none>
Path params:	<none>
Headers:		Accept=*/*
				Content-Type=application/json
Cookies:		<none>
Multiparts:		<none>
Body:			<none>
HTTP/1.1 200 OK
content-type: application/json; charset=utf-8
cache-control: public, max-age=7200
x-robots-tag: noindex, nofollow
access-control-allow-origin: *
access-control-allow-headers: Accept, App-Platform, Authorization, Content-Type, Origin, Retry-After, Spotify-App-Version, X-Cloud-Trace-Context, client-token, content-access-token
access-control-allow-methods: GET, POST, OPTIONS, PUT, DELETE, PATCH
access-control-allow-credentials: true
access-control-max-age: 604800
content-encoding: gzip
strict-transport-security: max-age=31536000
x-content-type-options: nosniff
date: Sun, 04 Jun 2023 10:53:58 GMT
server: envoy
Via: HTTP/2 edgeproxy, 1.1 google
Alt-Svc: h3=":443"; ma=2592000,h3-29=":443"; ma=2592000
Transfer-Encoding: chunked

{
    "artists": {
        "href": "https://api.spotify.com/v1/search?query=4bb518b5ae4b4cc48f5d5bcbf96de80f&type=artist&offset=0&limit=1",
        "items": [
            
        ],
        "limit": 1,
        "next": null,
        "offset": 0,
        "previous": null,
        "total": 0
    }
}
Request method:	GET
Request URI:	https://api.spotify.com/v1/search?access_token=BQCKxGIDaGHNmr6FiIiUMmhN_IIOKnJ7TaHHUZv8n0qZrlQ8Z0A8u10YxM89_aLwM-mJsCVSEFpBeoE055TUNfVq8ZZbWv9AA-xO2GsXvqO0DrqvG0sXKJtbCFigK1KjgI4Ijy8Vf1zZ5c_tc4tyj47WoFsnPa2onB2kSDRsYD5S2RVVGeQHS_sZBTPlrOumKAyw1H5-kNKoPiCC78b7sHC74MvAn167_g3MXERpmkI02PLfrRG1zdl0_L5VNmUTedw4lWCQuglFPy13bKJPdJRD&q=db83be56-e831-4322-8a18-98c5343e9f46&type=artist&limit=1
Proxy:			<none>
Request params:	access_token=BQCKxGIDaGHNmr6FiIiUMmhN_IIOKnJ7TaHHUZv8n0qZrlQ8Z0A8u10YxM89_aLwM-mJsCVSEFpBeoE055TUNfVq8ZZbWv9AA-xO2GsXvqO0DrqvG0sXKJtbCFigK1KjgI4Ijy8Vf1zZ5c_tc4tyj47WoFsnPa2onB2kSDRsYD5S2RVVGeQHS_sZBTPlrOumKAyw1H5-kNKoPiCC78b7sHC74MvAn167_g3MXERpmkI02PLfrRG1zdl0_L5VNmUTedw4lWCQuglFPy13bKJPdJRD
				q=db83be56-e831-4322-8a18-98c5343e9f46
				type=artist
				limit=1
Query params:	<none>
Form params:	<none>
Path params:	<none>
Headers:		Accept=*/*
				Content-Type=application/json
Cookies:		<none>
Multiparts:		<none>
Body:			<none>
HTTP/1.1 200 OK
content-type: application/json; charset=utf-8
cache-control: public, max-age=7200
x-robots-tag: noindex, nofollow
access-control-allow-origin: *
access-control-allow-headers: Accept, App-Platform, Authorization, Content-Type, Origin, Retry-After, Spotify-App-Version, X-Cloud-Trace-Context, client-token, content-access-token
access-control-allow-methods: GET, POST, OPTIONS, PUT, DELETE, PATCH
access-control-allow-credentials: true
access-control-max-age: 604800
content-encoding: gzip
strict-transport-security: max-age=31536000
x-content-type-options: nosniff
date: Sun, 04 Jun 2023 10:53:58 GMT
server: envoy
Via: HTTP/2 edgeproxy, 1.1 google
Alt-Svc: h3=":443"; ma=2592000,h3-29=":443"; ma=2592000
Transfer-Encoding: chunked

{
    "artists": {
        "href": "https://api.spotify.com/v1/search?query=db83be56-e831-4322-8a18-98c5343e9f46&type=artist&offset=0&limit=1",
        "items": [
            
        ],
        "limit": 1,
        "next": null,
        "offset": 0,
        "previous": null,
        "total": 0
    }
}
Request method:	GET
Request URI:	https://api.spotify.com/v1/search?access_token=BQCKxGIDaGHNmr6FiIiUMmhN_IIOKnJ7TaHHUZv8n0qZrlQ8Z0A8u10YxM89_aLwM-mJsCVSEFpBeoE055TUNfVq8ZZbWv9AA-xO2GsXvqO0DrqvG0sXKJtbCFigK1KjgI4Ijy8Vf1zZ5c_tc4tyj47WoFsnPa2onB2kSDRsYD5S2RVVGeQHS_sZBTPlrOumKAyw1H5-kNKoPiCC78b7sHC74MvAn167_g3MXERpmkI02PLfrRG1zdl0_L5VNmUTedw4lWCQuglFPy13bKJPdJRD&q=22afe339-0685-4d1b-948b-ac3ba779b543&type=artist&limit=1
Proxy:			<none>
Request params:	access_token=BQCKxGIDaGHNmr6FiIiUMmhN_IIOKnJ7TaHHUZv8n0qZrlQ8Z0A8u10YxM89_aLwM-mJsCVSEFpBeoE055TUNfVq8ZZbWv9AA-xO2GsXvqO0DrqvG0sXKJtbCFigK1KjgI4Ijy8Vf1zZ5c_tc4tyj47WoFsnPa2onB2kSDRsYD5S2RVVGeQHS_sZBTPlrOumKAyw1H5-kNKoPiCC78b7sHC74MvAn167_g3MXERpmkI02PLfrRG1zdl0_L5VNmUTedw4lWCQuglFPy13bKJPdJRD
				q=22afe339-0685-4d1b-948b-ac3ba779b543
				type=artist
				limit=1
Query params:	<none>
Form params:	<none>
Path params:	<none>
Headers:		Accept=*/*
				Content-Type=application/json
Cookies:		<none>
Multiparts:		<none>
Body:			<none>
HTTP/1.1 200 OK
content-type: application/json; charset=utf-8
cache-control: public, max-age=7200
x-robots-tag: noindex, nofollow
access-control-allow-origin: *
access-control-allow-headers: Accept, App-Platform, Authorization, Content-Type, Origin, Retry-After, Spotify-App-Version, X-Cloud-Trace-Context, client-token, content-access-token
access-control-allow-methods: GET, POST, OPTIONS, PUT, DELETE, PATCH
access-control-allow-credentials: true
access-control-max-age: 604800
content-encoding: gzip
strict-transport-security: max-age=31536000
x-content-type-options: nosniff
date: Sun, 04 Jun 2023 10:53:59 GMT
server: envoy
Via: HTTP/2 edgeproxy, 1.1 google
Alt-Svc: h3=":443"; ma=2592000,h3-29=":443"; ma=2592000
Transfer-Encoding: chunked

{
    "artists": {
        "href": "https://api.spotify.com/v1/search?query=22afe339-0685-4d1b-948b-ac3ba779b543&type=artist&offset=0&limit=1",
        "items": [
            
        ],
        "limit": 1,
        "next": null,
        "offset": 0,
        "previous": null,
        "total": 0
    }
}
]]></system-out>
  <system-err><![CDATA[Starting ChromeDriver 114.0.5735.90 (386bc09e8f4f2e025eddae123f36f6263096ae49-refs/branch-heads/5735@{#1052}) on port 36106
Only local connections are allowed.
Please see https://chromedriver.chromium.org/security-considerations for suggestions on keeping ChromeDriver safe.
ChromeDriver was started successfully.
Jun 04, 2023 12:53:52 PM org.openqa.selenium.devtools.CdpVersionFinder findNearestMatch
WARNING: Unable to find an exact match for CDP version 114, so returning the closest version found: 113
]]></system-err>
</testsuite>
